<?xml version="1.0" encoding="UTF-8"?>
<testsuite xmlns:xsi="http://www.w3.org/2001/XMLSchema-instance" xsi:noNamespaceSchemaLocation="https://maven.apache.org/surefire/maven-surefire-plugin/xsd/surefire-test-report-3.0.xsd" version="3.0" name="TestSuite" time="100.433" tests="4" errors="0" skipped="0" failures="0">
  <properties>
[...]
</properties>
  <testcase name="FWA_068" classname="com.testCases.FWA_068" time="17.296">
    <system-out><![CDATA[DEBUG [main] (BaseClass.java:56)- Debug logging has started 
 INFO [main] (FWA_068.java:30)- Started FWA_068
 INFO [main] (FWA_068.java:47)- zipcode is accepted
 INFO [main] (FWA_068.java:53)- landed on login page
 INFO [main] (FWA_068.java:62)- authorized the google account, URL is : https://web-uat.freshii.com/en/home
 INFO [main] (FWA_068.java:73)- there are options in the list
 INFO [main] (FWA_068.java:79)- URL is : https://web-uat.freshii.com/en/profile/order-history
 INFO [main] (FWA_068.java:83)- User is redirected to Order History
 INFO [main] (FWA_068.java:85)- Completed FWA_068
]]></system-out>
    <system-err><![CDATA[SLF4J: Failed to load class "org.slf4j.impl.StaticLoggerBinder".
SLF4J: Defaulting to no-operation (NOP) logger implementation
SLF4J: See http://www.slf4j.org/codes.html#StaticLoggerBinder for further details.
ERROR StatusLogger Log4j2 could not find a logging implementation. Please add log4j-core to the classpath. Using SimpleLogger to log to the console...
Starting ChromeDriver 110.0.5481.77 (65ed616c6e8ee3fe0ad64fe83796c020644d42af-refs/branch-heads/5481@{#839}) on port 5444
Only local connections are allowed.
Please see https://chromedriver.chromium.org/security-considerations for suggestions on keeping ChromeDriver safe.
ChromeDriver was started successfully.
[1676071738.944][WARNING]: virtual void DevToolsClientImpl::AddListener(DevToolsEventListener *) subscribing a listener to the already connected DevToolsClient. Connection notification will not arrive.
февр. 10, 2023 6:28:59 PM org.openqa.selenium.devtools.CdpVersionFinder findNearestMatch
WARNING: Unable to find an exact match for CDP version 110, so returning the closest version found: 107
]]></system-err>
  </testcase>
  <testcase name="FWA_069" classname="com.testCases.FWA_069" time="17.825">
    <system-out><![CDATA[DEBUG [main] (BaseClass.java:56)- Debug logging has started 
 INFO [main] (FWA_069.java:29)- Started FWA_069
 INFO [main] (FWA_069.java:46)- zipcode is accepted
 INFO [main] (FWA_069.java:52)- landed on login page
 INFO [main] (FWA_069.java:61)- authorized the google account
 INFO [main] (FWA_069.java:73)- there are options in the list
 INFO [main] (FWA_069.java:76)- click logout
 INFO [main] (FWA_069.java:83)- User is logged out, page title is : Find your freshii
 INFO [main] (FWA_069.java:85)- Completed FWA_069
]]></system-out>
    <system-err><![CDATA[Starting ChromeDriver 110.0.5481.77 (65ed616c6e8ee3fe0ad64fe83796c020644d42af-refs/branch-heads/5481@{#839}) on port 26192
Only local connections are allowed.
Please see https://chromedriver.chromium.org/security-considerations for suggestions on keeping ChromeDriver safe.
ChromeDriver was started successfully.
[1676071758.954][WARNING]: virtual void DevToolsClientImpl::AddListener(DevToolsEventListener *) subscribing a listener to the already connected DevToolsClient. Connection notification will not arrive.
февр. 10, 2023 6:29:19 PM org.openqa.selenium.devtools.CdpVersionFinder findNearestMatch
WARNING: Unable to find an exact match for CDP version 110, so returning the closest version found: 107
]]></system-err>
  </testcase>
  <testcase name="FWA_097" classname="com.testCases.FWA_097" time="27.839">
    <system-out><![CDATA[DEBUG [main] (BaseClass.java:56)- Debug logging has started 
 INFO [main] (FWA_097.java:37)- Started FWA_097
 INFO [main] (FWA_097.java:47)- zipcode is accepted
 INFO [main] (FWA_097.java:53)- landed on login page
 INFO [main] (FWA_097.java:62)- authorized the google account
 INFO [main] (FWA_097.java:71)- Clicked dietary preferences
 INFO [main] (FWA_097.java:78)- Selected over 1 allergens
 INFO [main] (FWA_097.java:83)- certain ingredients tagged red
 INFO [main] (FWA_097.java:88)- Completed FWA_097
]]></system-out>
    <system-err><![CDATA[Starting ChromeDriver 110.0.5481.77 (65ed616c6e8ee3fe0ad64fe83796c020644d42af-refs/branch-heads/5481@{#839}) on port 4014
Only local connections are allowed.
Please see https://chromedriver.chromium.org/security-considerations for suggestions on keeping ChromeDriver safe.
ChromeDriver was started successfully.
[1676071780.457][WARNING]: virtual void DevToolsClientImpl::AddListener(DevToolsEventListener *) subscribing a listener to the already connected DevToolsClient. Connection notification will not arrive.
февр. 10, 2023 6:29:40 PM org.openqa.selenium.devtools.CdpVersionFinder findNearestMatch
WARNING: Unable to find an exact match for CDP version 110, so returning the closest version found: 107
]]></system-err>
  </testcase>
  <testcase name="FWA_099" classname="com.testCases.FWA_099" time="21.495">
    <system-out><![CDATA[DEBUG [main] (BaseClass.java:56)- Debug logging has started 
 INFO [main] (FWA_099.java:38)- Started FWA_099
 INFO [main] (FWA_099.java:48)- zipcode is accepted
 INFO [main] (FWA_099.java:54)- landed on login page
 INFO [main] (FWA_099.java:63)- authorized the google account
 INFO [main] (FWA_099.java:73)- clicked shops link and accepted geolocation
 INFO [main] (FWA_099.java:78)- pickup button color : #249e6b
 INFO [main] (FWA_099.java:85)- user is shown the closes locations first, which is : 4 km away
 INFO [main] (FWA_099.java:99)- clicked Info
 INFO [main] (FWA_099.java:109)- all testable features are visible
 INFO [main] (FWA_099.java:115)- Completed FWA_099
]]></system-out>
    <system-err><![CDATA[Starting ChromeDriver 110.0.5481.77 (65ed616c6e8ee3fe0ad64fe83796c020644d42af-refs/branch-heads/5481@{#839}) on port 22855
Only local connections are allowed.
Please see https://chromedriver.chromium.org/security-considerations for suggestions on keeping ChromeDriver safe.
ChromeDriver was started successfully.
[1676071812.116][WARNING]: virtual void DevToolsClientImpl::AddListener(DevToolsEventListener *) subscribing a listener to the already connected DevToolsClient. Connection notification will not arrive.
февр. 10, 2023 6:30:12 PM org.openqa.selenium.devtools.CdpVersionFinder findNearestMatch
WARNING: Unable to find an exact match for CDP version 110, so returning the closest version found: 107
]]></system-err>
  </testcase>
</testsuite>