<?xml version="1.0" encoding="UTF-8"?>
<testng-results ignored="0" total="4" passed="4" failed="0" skipped="0">
  <reporter-output>
  </reporter-output>
  <suite started-at="2023-02-10T18:28:56 GMT-05:00" name="FreshiiSuite" finished-at="2023-02-10T18:30:35 GMT-05:00" duration-ms="98647">
    <groups>
    </groups>
    <test started-at="2023-02-10T18:28:56 GMT-05:00" name="Freshii tests" finished-at="2023-02-10T18:30:35 GMT-05:00" duration-ms="98647">
      <class name="com.testCases.FWA_068">
        <test-method is-config="true" signature="setup()[pri:0, instance:com.testCases.FWA_068@3e08ff24]" started-at="2023-02-10T18:28:56 GMT-05:00" name="setup" finished-at="2023-02-10T18:29:00 GMT-05:00" duration-ms="3952" status="PASS">
          <reporter-output>
          </reporter-output>
        </test-method> <!-- setup -->
        <test-method signature="FWA_068()[pri:0, instance:com.testCases.FWA_068@3e08ff24]" started-at="2023-02-10T18:29:00 GMT-05:00" name="FWA_068" finished-at="2023-02-10T18:29:18 GMT-05:00" duration-ms="17281" status="PASS">
          <reporter-output>
          </reporter-output>
        </test-method> <!-- FWA_068 -->
        <test-method is-config="true" signature="tearDown()[pri:0, instance:com.testCases.FWA_068@3e08ff24]" started-at="2023-02-10T18:29:18 GMT-05:00" name="tearDown" finished-at="2023-02-10T18:29:18 GMT-05:00" duration-ms="1" status="PASS">
          <reporter-output>
          </reporter-output>
        </test-method> <!-- tearDown -->
      </class> <!-- com.testCases.FWA_068 -->
      <class name="com.testCases.FWA_069">
        <test-method is-config="true" signature="setup()[pri:0, instance:com.testCases.FWA_069@6be968ce]" started-at="2023-02-10T18:29:18 GMT-05:00" name="setup" finished-at="2023-02-10T18:29:21 GMT-05:00" duration-ms="3652" status="PASS">
          <reporter-output>
          </reporter-output>
        </test-method> <!-- setup -->
        <test-method signature="FWA_069()[pri:0, instance:com.testCases.FWA_069@6be968ce]" started-at="2023-02-10T18:29:21 GMT-05:00" name="FWA_069" finished-at="2023-02-10T18:29:39 GMT-05:00" duration-ms="17825" status="PASS">
          <reporter-output>
          </reporter-output>
        </test-method> <!-- FWA_069 -->
        <test-method is-config="true" signature="tearDown()[pri:0, instance:com.testCases.FWA_069@6be968ce]" started-at="2023-02-10T18:29:39 GMT-05:00" name="tearDown" finished-at="2023-02-10T18:29:39 GMT-05:00" duration-ms="1" status="PASS">
          <reporter-output>
          </reporter-output>
        </test-method> <!-- tearDown -->
      </class> <!-- com.testCases.FWA_069 -->
      <class name="com.testCases.FWA_097">
        <test-method is-config="true" signature="setup()[pri:0, instance:com.testCases.FWA_097@7c37508a]" started-at="2023-02-10T18:29:39 GMT-05:00" name="setup" finished-at="2023-02-10T18:29:43 GMT-05:00" duration-ms="3381" status="PASS">
          <reporter-output>
          </reporter-output>
        </test-method> <!-- setup -->
        <test-method signature="FWA_097()[pri:0, instance:com.testCases.FWA_097@7c37508a]" started-at="2023-02-10T18:29:43 GMT-05:00" name="FWA_097" finished-at="2023-02-10T18:30:10 GMT-05:00" duration-ms="27840" status="PASS">
          <reporter-output>
          </reporter-output>
        </test-method> <!-- FWA_097 -->
        <test-method is-config="true" signature="tearDown()[pri:0, instance:com.testCases.FWA_097@7c37508a]" started-at="2023-02-10T18:30:10 GMT-05:00" name="tearDown" finished-at="2023-02-10T18:30:10 GMT-05:00" duration-ms="1" status="PASS">
          <reporter-output>
          </reporter-output>
        </test-method> <!-- tearDown -->
      </class> <!-- com.testCases.FWA_097 -->
      <class name="com.testCases.FWA_099">
        <test-method is-config="true" signature="setup()[pri:0, instance:com.testCases.FWA_099@247310d0]" started-at="2023-02-10T18:30:10 GMT-05:00" name="setup" finished-at="2023-02-10T18:30:13 GMT-05:00" duration-ms="2828" status="PASS">
          <reporter-output>
          </reporter-output>
        </test-method> <!-- setup -->
        <test-method signature="FWA_099()[pri:0, instance:com.testCases.FWA_099@247310d0]" started-at="2023-02-10T18:30:13 GMT-05:00" name="FWA_099" finished-at="2023-02-10T18:30:35 GMT-05:00" duration-ms="21495" status="PASS">
          <reporter-output>
          </reporter-output>
        </test-method> <!-- FWA_099 -->
        <test-method is-config="true" signature="tearDown()[pri:0, instance:com.testCases.FWA_099@247310d0]" started-at="2023-02-10T18:30:35 GMT-05:00" name="tearDown" finished-at="2023-02-10T18:30:35 GMT-05:00" duration-ms="0" status="PASS">
          <reporter-output>
          </reporter-output>
        </test-method> <!-- tearDown -->
      </class> <!-- com.testCases.FWA_099 -->
    </test> <!-- Freshii tests -->
  </suite> <!-- FreshiiSuite -->
</testng-results>
