<?xml version="1.0" encoding="UTF-8"?>
<!-- Generated by org.testng.reporters.JUnitXMLReporter -->
<testsuite ignored="0" hostname="Romario" failures="0" tests="4" name="Freshii tests" time="98.647" errors="0" timestamp="2023-02-10T18:30:36 GMT-05:00">
  <testcase classname="com.testCases.FWA_068" name="FWA_068" time="17.281"/>
  <testcase classname="com.testCases.FWA_069" name="FWA_069" time="17.825"/>
  <testcase classname="com.testCases.FWA_097" name="FWA_097" time="27.84"/>
  <testcase classname="com.testCases.FWA_099" name="FWA_099" time="21.495"/>
</testsuite> <!-- Freshii tests -->
